This is pdfTeX, Version 3.141592653-2.6-1.40.25 (TeX Live 2023) (preloaded format=pdflatex 2024.2.16)  3 JUN 2024 22:26
entering extended mode
 restricted \write18 enabled.
 file:line:error style messages enabled.
 %&-line parsing enabled.
**d:/digitalforensicsandcybercrime/main
(d:/digitalforensicsandcybercrime/main.tex
LaTeX2e <2023-11-01> patch level 1
L3 programming layer <2024-02-13>
(e:/texlive/2023/texmf-dist/tex/latex/base/report.cls
Document Class: report 2023/05/17 v1.4n Standard LaTeX document class
(e:/texlive/2023/texmf-dist/tex/latex/base/size10.clo
File: size10.clo 2023/05/17 v1.4n Standard LaTeX file (size option)
)
\c@part=\count188
\c@chapter=\count189
\c@section=\count190
\c@subsection=\count191
\c@subsubsection=\count192
\c@paragraph=\count193
\c@subparagraph=\count194
\c@figure=\count195
\c@table=\count196
\abovecaptionskip=\skip48
\belowcaptionskip=\skip49
\bibindent=\dimen140
) (e:/texlive/2023/texmf-dist/tex/latex/graphics/graphicx.sty
Package: graphicx 2021/09/16 v1.2d Enhanced LaTeX Graphics (DPC,SPQR)
 (e:/texlive/2023/texmf-dist/tex/latex/graphics/keyval.sty
Package: keyval 2022/05/29 v1.15 key=value parser (DPC)
\KV@toks@=\toks17
) (e:/texlive/2023/texmf-dist/tex/latex/graphics/graphics.sty
Package: graphics 2022/03/10 v1.4e Standard LaTeX Graphics (DPC,SPQR)
 (e:/texlive/2023/texmf-dist/tex/latex/graphics/trig.sty
Package: trig 2021/08/11 v1.11 sin cos tan (DPC)
) (e:/texlive/2023/texmf-dist/tex/latex/graphics-cfg/graphics.cfg
File: graphics.cfg 2016/06/04 v1.11 sample graphics configuration
)
Package graphics Info: Driver file: pdftex.def on input line 107.
 (e:/texlive/2023/texmf-dist/tex/latex/graphics-def/pdftex.def
File: pdftex.def 2022/09/22 v1.2b Graphics/color driver for pdftex
))
\Gin@req@height=\dimen141
\Gin@req@width=\dimen142
) (e:/texlive/2023/texmf-dist/tex/latex/import/import.sty
Package: import 2020/04/01  v 6.2
) (e:/texlive/2023/texmf-dist/tex/latex/graphics/color.sty
Package: color 2022/01/06 v1.3d Standard LaTeX Color (DPC)
 (e:/texlive/2023/texmf-dist/tex/latex/graphics-cfg/color.cfg
File: color.cfg 2016/01/02 v1.6 sample color configuration
)
Package color Info: Driver file: pdftex.def on input line 149.
 (e:/texlive/2023/texmf-dist/tex/latex/graphics/mathcolor.ltx)) (e:/texlive/2023/texmf-dist/tex/latex/subfigure/subfigure.sty
Package: subfigure 2002/03/15 v2.1.5 subfigure package
\subfigtopskip=\skip50
\subfigcapskip=\skip51
\subfigcaptopadj=\dimen143
\subfigbottomskip=\skip52
\subfigcapmargin=\dimen144
\subfiglabelskip=\skip53
\c@subfigure=\count197
\c@lofdepth=\count198
\c@subtable=\count199
\c@lotdepth=\count266

****************************************
* Local config file subfigure.cfg used *
****************************************
(e:/texlive/2023/texmf-dist/tex/latex/subfigure/subfigure.cfg)
\subfig@top=\skip54
\subfig@bottom=\skip55
) (e:/texlive/2023/texmf-dist/tex/latex/l3backend/l3backend-pdftex.def
File: l3backend-pdftex.def 2024-01-04 L3 backend support: PDF output (pdfTeX)
\l__color_backend_stack_int=\count267
\l__pdf_internal_box=\box51
) (./main.aux)
\openout1 = `main.aux'.

LaTeX Font Info:    Checking defaults for OML/cmm/m/it on input line 10.
LaTeX Font Info:    ... okay on input line 10.
LaTeX Font Info:    Checking defaults for OMS/cmsy/m/n on input line 10.
LaTeX Font Info:    ... okay on input line 10.
LaTeX Font Info:    Checking defaults for OT1/cmr/m/n on input line 10.
LaTeX Font Info:    ... okay on input line 10.
LaTeX Font Info:    Checking defaults for T1/cmr/m/n on input line 10.
LaTeX Font Info:    ... okay on input line 10.
LaTeX Font Info:    Checking defaults for TS1/cmr/m/n on input line 10.
LaTeX Font Info:    ... okay on input line 10.
LaTeX Font Info:    Checking defaults for OMX/cmex/m/n on input line 10.
LaTeX Font Info:    ... okay on input line 10.
LaTeX Font Info:    Checking defaults for U/cmr/m/n on input line 10.
LaTeX Font Info:    ... okay on input line 10.
 (e:/texlive/2023/texmf-dist/tex/context/base/mkii/supp-pdf.mkii
[Loading MPS to PDF converter (version 2006.09.02).]
\scratchcounter=\count268
\scratchdimen=\dimen145
\scratchbox=\box52
\nofMPsegments=\count269
\nofMParguments=\count270
\everyMPshowfont=\toks18
\MPscratchCnt=\count271
\MPscratchDim=\dimen146
\MPnumerator=\count272
\makeMPintoPDFobject=\count273
\everyMPtoPDFconversion=\toks19
) (e:/texlive/2023/texmf-dist/tex/latex/epstopdf-pkg/epstopdf-base.sty
Package: epstopdf-base 2020-01-24 v2.11 Base part for package epstopdf
Package epstopdf-base Info: Redefining graphics rule for `.eps' on input line 485.
 (e:/texlive/2023/texmf-dist/tex/latex/latexconfig/epstopdf-sys.cfg
File: epstopdf-sys.cfg 2010/07/13 v1.3 Configuration of (r)epstopdf for TeX Live
))
LaTeX Font Info:    External font `cmex10' loaded for size
(Font)              <12> on input line 11.
LaTeX Font Info:    External font `cmex10' loaded for size
(Font)              <8> on input line 11.
LaTeX Font Info:    External font `cmex10' loaded for size
(Font)              <6> on input line 11.
 [1

{e:/texlive/2023/texmf-var/fonts/map/pdftex/updmap/pdftex.map}] (./main.toc
LaTeX Font Info:    External font `cmex10' loaded for size
(Font)              <7> on input line 3.
LaTeX Font Info:    External font `cmex10' loaded for size
(Font)              <5> on input line 3.
 [1

] [2] [3] [4])
\tf@toc=\write3
\openout3 = `main.toc'.

 [5] [6

] (./lecture_1/lecture1.tex
Chapter 1.
[7

{e:/texlive/2023/texmf-dist/fonts/enc/dvips/cm-super/cm-super-ts1.enc}] [8] [9]
<lecture_1/internaltreaths.png, id=44, 1541.76pt x 525.46312pt>
File: lecture_1/internaltreaths.png Graphic file (type png)
<use lecture_1/internaltreaths.png>
Package pdftex.def Info: lecture_1/internaltreaths.png  used on input line 77.
(pdftex.def)             Requested size: 345.0pt x 117.58266pt.
 [10 <./lecture_1/internaltreaths.png>]
<lecture_1/verizon.png, id=50, 478.03593pt x 444.91219pt>
File: lecture_1/verizon.png Graphic file (type png)
<use lecture_1/verizon.png>
Package pdftex.def Info: lecture_1/verizon.png  used on input line 92.
(pdftex.def)             Requested size: 241.49895pt x 224.76373pt.
<lecture_1/malicious.png, id=51, 560.0925pt x 377.91188pt>
File: lecture_1/malicious.png Graphic file (type png)
<use lecture_1/malicious.png>
Package pdftex.def Info: lecture_1/malicious.png  used on input line 108.
(pdftex.def)             Requested size: 241.49895pt x 162.94872pt.
 [11 <./lecture_1/verizon.png>] [12 <./lecture_1/malicious.png>] [13]
<lecture_1/ransomware_history.png, id=66, 576.65437pt x 323.70938pt>
File: lecture_1/ransomware_history.png Graphic file (type png)
<use lecture_1/ransomware_history.png>
Package pdftex.def Info: lecture_1/ransomware_history.png  used on input line 140.
(pdftex.def)             Requested size: 137.9979pt x 77.46461pt.
<lecture_1/ransomware_screen.png, id=67, 638.385pt x 462.22687pt>
File: lecture_1/ransomware_screen.png Graphic file (type png)
<use lecture_1/ransomware_screen.png>
Package pdftex.def Info: lecture_1/ransomware_screen.png  used on input line 157.
(pdftex.def)             Requested size: 137.9979pt x 99.91286pt.
<lecture_1/ransomware_email.png, id=68, 606.76688pt x 303.38344pt>
File: lecture_1/ransomware_email.png Graphic file (type png)
<use lecture_1/ransomware_email.png>
Package pdftex.def Info: lecture_1/ransomware_email.png  used on input line 165.
(pdftex.def)             Requested size: 165.59853pt x 82.7988pt.
<lecture_1/ransomware_email2.png, id=69, 560.8453pt x 365.11406pt>
File: lecture_1/ransomware_email2.png Graphic file (type png)
<use lecture_1/ransomware_email2.png>
Package pdftex.def Info: lecture_1/ransomware_email2.png  used on input line 166.
(pdftex.def)             Requested size: 165.59853pt x 107.80241pt.
 [14 <./lecture_1/ransomware_history.png> <./lecture_1/ransomware_screen.png>]) (./lecture_2/lecture2.tex [15 <./lecture_1/ransomware_email.png> <./lecture_1/ransomware_email2.png>] [16]
<lecture_2/chart.png, id=83, 604.50844pt x 353.06906pt>
File: lecture_2/chart.png Graphic file (type png)
<use lecture_2/chart.png>
Package pdftex.def Info: lecture_2/chart.png  used on input line 20.
(pdftex.def)             Requested size: 207.0021pt x 120.89848pt.
 [17 <./lecture_2/chart.png>]
<lecture_2/families.png, id=87, 1056.94875pt x 660.21657pt>
File: lecture_2/families.png Graphic file (type png)
<use lecture_2/families.png>
Package pdftex.def Info: lecture_2/families.png  used on input line 35.
(pdftex.def)             Requested size: 207.0021pt x 129.30081pt.
 [18 <./lecture_2/families.png>]
<lecture_2/ecosystem.png, id=92, 410.2828pt x 279.29344pt>
File: lecture_2/ecosystem.png Graphic file (type png)
<use lecture_2/ecosystem.png>
Package pdftex.def Info: lecture_2/ecosystem.png  used on input line 58.
(pdftex.def)             Requested size: 207.0021pt x 140.91208pt.
 [19 <./lecture_2/ecosystem.png>]
<lecture_2/drivebydownload.png, id=97, 923.70094pt x 341.77687pt>
File: lecture_2/drivebydownload.png Graphic file (type png)
<use lecture_2/drivebydownload.png>
Package pdftex.def Info: lecture_2/drivebydownload.png  used on input line 79.
(pdftex.def)             Requested size: 207.0021pt x 76.58878pt.
 [20 <./lecture_2/drivebydownload.png>] [21]
Chapter 2.
<lecture_2/lifecycle.png, id=105, 933.4875pt x 660.21657pt>
File: lecture_2/lifecycle.png Graphic file (type png)
<use lecture_2/lifecycle.png>
Package pdftex.def Info: lecture_2/lifecycle.png  used on input line 123.
(pdftex.def)             Requested size: 207.0021pt x 146.39653pt.
[22

] [23 <./lecture_2/lifecycle.png>]
<lecture_2/fork.png, id=112, 1177.39874pt x 595.47469pt>
File: lecture_2/fork.png Graphic file (type png)
<use lecture_2/fork.png>
Package pdftex.def Info: lecture_2/fork.png  used on input line 138.
(pdftex.def)             Requested size: 207.0021pt x 104.6912pt.
) (./lecture_3/lecture3.tex [24 <./lecture_2/fork.png>]) [25] [26

] (./lecture_10/lecture10.tex
Chapter 3.
[27

]
<lecture_10/eco.png, id=127, 768.62157pt x 568.37344pt>
File: lecture_10/eco.png Graphic file (type png)
<use lecture_10/eco.png>
Package pdftex.def Info: lecture_10/eco.png  used on input line 23.
(pdftex.def)             Requested size: 155.24895pt x 114.80011pt.
<lecture_10/eco2.png, id=128, 634.62094pt x 662.475pt>
File: lecture_10/eco2.png Graphic file (type png)
<use lecture_10/eco2.png>
Package pdftex.def Info: lecture_10/eco2.png  used on input line 24.
(pdftex.def)             Requested size: 155.24895pt x 162.06013pt.
<lecture_10/triangle.png, id=129, 415.5525pt x 389.95688pt>
File: lecture_10/triangle.png Graphic file (type png)
<use lecture_10/triangle.png>
Package pdftex.def Info: lecture_10/triangle.png  used on input line 38.
(pdftex.def)             Requested size: 155.24895pt x 145.68604pt.
 [28 <./lecture_10/eco.png> <./lecture_10/eco2.png>] [29 <./lecture_10/triangle.png>]
<lecture_10/memes.png, id=136, 337.26pt x 206.27063pt>
File: lecture_10/memes.png Graphic file (type png)
<use lecture_10/memes.png>
Package pdftex.def Info: lecture_10/memes.png  used on input line 76.
(pdftex.def)             Requested size: 155.24895pt x 94.95172pt.
 [30 <./lecture_10/memes.png>] [31]
<lecture_10/bank_example.png, id=144, 941.01563pt x 572.89032pt>
File: lecture_10/bank_example.png Graphic file (type png)
<use lecture_10/bank_example.png>
Package pdftex.def Info: lecture_10/bank_example.png  used on input line 117.
(pdftex.def)             Requested size: 155.24895pt x 94.51407pt.
 [32 <./lecture_10/bank_example.png>]
<lecture_10/fraudanalysis.png, id=149, 907.89188pt x 444.15938pt>
File: lecture_10/fraudanalysis.png Graphic file (type png)
<use lecture_10/fraudanalysis.png>
Package pdftex.def Info: lecture_10/fraudanalysis.png  used on input line 132.
(pdftex.def)             Requested size: 155.24895pt x 75.94661pt.
 [33 <./lecture_10/fraudanalysis.png>]) (./lecture_11/lecture_11.tex [34] [35] [36] [37]
<lecture_11/telecom.png, id=167, 1342.2647pt x 830.35219pt>
File: lecture_11/telecom.png Graphic file (type png)
<use lecture_11/telecom.png>
Package pdftex.def Info: lecture_11/telecom.png  used on input line 97.
(pdftex.def)             Requested size: 207.0021pt x 128.0444pt.
 [38 <./lecture_11/telecom.png>]
<lecture_11/complementarity.png, id=172, 840.89156pt x 417.81094pt>
File: lecture_11/complementarity.png Graphic file (type png)
<use lecture_11/complementarity.png>
Package pdftex.def Info: lecture_11/complementarity.png  used on input line 122.
(pdftex.def)             Requested size: 207.0021pt x 102.85228pt.
 [39 <./lecture_11/complementarity.PNG>]) (./lecture_12/lecture_12.tex
<lecture_12/cycle.png, id=177, 823.57687pt x 325.96782pt>
File: lecture_12/cycle.png Graphic file (type png)
<use lecture_12/cycle.png>
Package pdftex.def Info: lecture_12/cycle.png  used on input line 6.
(pdftex.def)             Requested size: 207.0021pt x 81.92944pt.
 [40 <./lecture_12/cycle.PNG>]
<lecture_12/process.png, id=182, 1882.03125pt x 836.3747pt>
File: lecture_12/process.png Graphic file (type png)
<use lecture_12/process.png>
Package pdftex.def Info: lecture_12/process.png  used on input line 30.
(pdftex.def)             Requested size: 207.0021pt x 91.98874pt.
 [41 <./lecture_12/process.png>] [42]) (./lecture_12/lecture_12_2.tex [43]
Chapter 4.
[44

] [45]) (./lecture_13/lecture13.tex
<lecture_13/example.png, id=199, 1086.30844pt x 714.41907pt>
File: lecture_13/example.png Graphic file (type png)
<use lecture_13/example.png>
Package pdftex.def Info: lecture_13/example.png  used on input line 14.
(pdftex.def)             Requested size: 207.0021pt x 136.13347pt.
 [46] [47 <./lecture_13/example.png>]
<lecture_13/distances.png, id=207, 409.53pt x 233.37187pt>
File: lecture_13/distances.png Graphic file (type png)
<use lecture_13/distances.png>
Package pdftex.def Info: lecture_13/distances.png  used on input line 66.
(pdftex.def)             Requested size: 207.0021pt x 117.96402pt.
 [48] [49 <./lecture_13/distances.png>] [50] [51]
<lecture_13/peer.png, id=224, 511.9125pt x 347.04657pt>
File: lecture_13/peer.png Graphic file (type png)
<use lecture_13/peer.png>
Package pdftex.def Info: lecture_13/peer.png  used on input line 165.
(pdftex.def)             Requested size: 207.0021pt x 140.33597pt.
) (./lecture_14/lecture14.tex
<lecture_13/anomalies.png, id=225, 502.87875pt x 246.9225pt>
File: lecture_13/anomalies.png Graphic file (type png)
<use lecture_13/anomalies.png>
Package pdftex.def Info: lecture_13/anomalies.png  used on input line 14.
(pdftex.def)             Requested size: 207.0021pt x 101.64201pt.
 [52 <./lecture_13/peer.png>] [53 <./lecture_13/anomalies.png>]
<lecture_13/dendro.png, id=234, 1016.29688pt x 329.73187pt>
File: lecture_13/dendro.png Graphic file (type png)
<use lecture_13/dendro.png>
Package pdftex.def Info: lecture_13/dendro.png  used on input line 54.
(pdftex.def)             Requested size: 207.0021pt x 67.15775pt.
 [54 <./lecture_13/dendro.png>]
<lecture_13/kmeans.png, id=239, 633.11531pt x 264.23718pt>
File: lecture_13/kmeans.png Graphic file (type png)
<use lecture_13/kmeans.png>
Package pdftex.def Info: lecture_13/kmeans.png  used on input line 84.
(pdftex.def)             Requested size: 207.0021pt x 86.39215pt.
) (./lecture_15/lecture15.tex) (./lecture_16/lecture16.tex) [55 <./lecture_13/kmeans.png>] [56] [57

] (./lecture_3/lecture3_2.tex
Chapter 5.
[58

]
<lecture_3/forensics.png, id=252, 569.12625pt x 316.93407pt>
File: lecture_3/forensics.png Graphic file (type png)
<use lecture_3/forensics.png>
Package pdftex.def Info: lecture_3/forensics.png  used on input line 50.
(pdftex.def)             Requested size: 172.5pt x 96.06265pt.
 [59]) [60 <./lecture_3/forensics.png>] [61

] (./lecture_4/lecture4.tex
Chapter 6.
[62

] [63] [64]) (./lecture_5/lecture5.tex [65]) (./lecture_5/lecture5_2.tex [66]
Chapter 7.
[67

]
<lecture_5/filesystem.png, id=283, 376.40625pt x 204.01219pt>
File: lecture_5/filesystem.png Graphic file (type png)
<use lecture_5/filesystem.png>
Package pdftex.def Info: lecture_5/filesystem.png  used on input line 33.
(pdftex.def)             Requested size: 241.49895pt x 130.89732pt.
 [68 <./lecture_5/filesystem.png>]
<lecture_5/sectors.png, id=287, 542.025pt x 231.11343pt>
File: lecture_5/sectors.png Graphic file (type png)
<use lecture_5/sectors.png>
Package pdftex.def Info: lecture_5/sectors.png  used on input line 44.
(pdftex.def)             Requested size: 241.49895pt x 102.97386pt.
 [69 <./lecture_5/sectors.png>]) (./lecture_6/lecture6.tex [70] [71]) (./lecture_6/lecture6_2.tex [72]
Chapter 8.
) (./lecture_7/lecture7.tex [73

] [74]
<lecture_7/trim.png, id=308, 433.62pt x 313.9228pt>
File: lecture_7/trim.png Graphic file (type png)
<use lecture_7/trim.png>
Package pdftex.def Info: lecture_7/trim.png  used on input line 32.
(pdftex.def)             Requested size: 276.00105pt x 199.82256pt.
<lecture_7/garbage.png, id=309, 339.51843pt x 293.59688pt>
File: lecture_7/garbage.png Graphic file (type png)
<use lecture_7/garbage.png>
Package pdftex.def Info: lecture_7/garbage.png  used on input line 45.
(pdftex.def)             Requested size: 276.00105pt x 238.68126pt.
 [75 <./lecture_7/trim.png>]
<lecture_7/patterns.png, id=314, 386.19281pt x 311.66437pt>
File: lecture_7/patterns.png Graphic file (type png)
<use lecture_7/patterns.png>
Package pdftex.def Info: lecture_7/patterns.png  used on input line 52.
(pdftex.def)             Requested size: 276.00105pt x 222.73846pt.
<lecture_7/compression.png, id=315, 313.9228pt x 311.66437pt>
File: lecture_7/compression.png Graphic file (type png)
<use lecture_7/compression.png>
Package pdftex.def Info: lecture_7/compression.png  used on input line 59.
(pdftex.def)             Requested size: 276.00105pt x 274.02771pt.
<lecture_7/wearleveling.png, id=316, 281.55188pt x 313.9228pt>
File: lecture_7/wearleveling.png Graphic file (type png)
<use lecture_7/wearleveling.png>
Package pdftex.def Info: lecture_7/wearleveling.png  used on input line 66.
(pdftex.def)             Requested size: 276.00105pt x 307.75241pt.
<lecture_7/recoverability.png, id=317, 304.88907pt x 287.57437pt>
File: lecture_7/recoverability.png Graphic file (type png)
<use lecture_7/recoverability.png>
Package pdftex.def Info: lecture_7/recoverability.png  used on input line 73.
(pdftex.def)             Requested size: 276.00105pt x 260.33719pt.
 [76 <./lecture_7/garbage.png>]) (./lecture_7/lecture7_2.tex [77 <./lecture_7/patterns.png>] [78 <./lecture_7/compression.png>] [79 <./lecture_7/wearleveling.png>] [80 <./lecture_7/recoverability.png>]
Chapter 9.
[81

]) (./lecture_8/lecture8.tex [82] [83]) (./lecture_8/lecture8_2.tex [84]
Chapter 10.
) (./lecture_9/lecture9.tex [85

] [86] [87] [88] [89] [90]) [91] [92

] [93

] (./main.aux)
 ***********
LaTeX2e <2023-11-01> patch level 1
L3 programming layer <2024-02-13>
 ***********
 ) 
Here is how much of TeX's memory you used:
 2166 strings out of 474141
 40246 string characters out of 5748625
 1940998 words of memory out of 5000000
 24377 multiletter control sequences out of 15000+600000
 564217 words of font info for 56 fonts, out of 8000000 for 9000
 1141 hyphenation exceptions out of 8191
 57i,16n,65p,856b,349s stack positions out of 10000i,1000n,20000p,200000b,200000s
<e:/texlive/2023/texmf-dist/fonts/type1/public/amsfonts/cm/cmbx10.pfb><e:/texlive/2023/texmf-dist/fonts/type1/public/amsfonts/cm/cmbx12.pfb><e:/texlive/2023/texmf-dist/fonts/type1/public/amsfonts/cm/cmex10.pfb><e:/texlive/2023/texmf-dist/fonts/type1/public/amsfonts/cm/cmmi10.pfb><e:/texlive/2023/texmf-dist/fonts/type1/public/amsfonts/cm/cmmi7.pfb><e:/texlive/2023/texmf-dist/fonts/type1/public/amsfonts/cm/cmr10.pfb><e:/texlive/2023/texmf-dist/fonts/type1/public/amsfonts/cm/cmr12.pfb><e:/texlive/2023/texmf-dist/fonts/type1/public/amsfonts/cm/cmr17.pfb><e:/texlive/2023/texmf-dist/fonts/type1/public/amsfonts/cm/cmr6.pfb><e:/texlive/2023/texmf-dist/fonts/type1/public/amsfonts/cm/cmr7.pfb><e:/texlive/2023/texmf-dist/fonts/type1/public/amsfonts/cm/cmr8.pfb><e:/texlive/2023/texmf-dist/fonts/type1/public/amsfonts/cm/cmsy10.pfb><e:/texlive/2023/texmf-dist/fonts/type1/public/amsfonts/cm/cmsy7.pfb><e:/texlive/2023/texmf-dist/fonts/type1/public/amsfonts/cm/cmti10.pfb><e:/texlive/2023/texmf-dist/fonts/type1/public/cm-super/sfrm1000.pfb>
Output written on main.pdf (94 pages, 9936759 bytes).
PDF statistics:
 448 PDF objects out of 1000 (max. 8388607)
 256 compressed objects within 3 object streams
 0 named destinations out of 1000 (max. 500000)
 191 words of extra memory for PDF output out of 10000 (max. 10000000)

